<?xml version="1.0" encoding="UTF-8"?>
<testsuite xmlns:xsi="http://www.w3.org/2001/XMLSchema-instance" xsi:noNamespaceSchemaLocation="https://maven.apache.org/surefire/maven-surefire-plugin/xsd/surefire-test-report.xsd" name="TestSuite" time="4.037" tests="1" errors="0" skipped="0" failures="1">
  <properties>
    <property name="gopherProxySet" value="false"/>
    <property name="awt.toolkit" value="sun.lwawt.macosx.LWCToolkit"/>
    <property name="file.encoding.pkg" value="sun.io"/>
    <property name="java.specification.version" value="1.8"/>
    <property name="sun.cpu.isalist" value=""/>
    <property name="sun.jnu.encoding" value="UTF-8"/>
    <property name="java.class.path" value="/Users/sampathpritila/Downloads/bestcarprice/target/test-classes:/Users/sampathpritila/Downloads/bestcarprice/target/classes:/Users/sampathpritila/.m2/repository/org/seleniumhq/selenium/selenium-java/3.141.59/selenium-java-3.141.59.jar:/Users/sampathpritila/.m2/repository/org/seleniumhq/selenium/selenium-api/3.141.59/selenium-api-3.141.59.jar:/Users/sampathpritila/.m2/repository/org/seleniumhq/selenium/selenium-chrome-driver/3.141.59/selenium-chrome-driver-3.141.59.jar:/Users/sampathpritila/.m2/repository/org/seleniumhq/selenium/selenium-edge-driver/3.141.59/selenium-edge-driver-3.141.59.jar:/Users/sampathpritila/.m2/repository/org/seleniumhq/selenium/selenium-firefox-driver/3.141.59/selenium-firefox-driver-3.141.59.jar:/Users/sampathpritila/.m2/repository/org/seleniumhq/selenium/selenium-ie-driver/3.141.59/selenium-ie-driver-3.141.59.jar:/Users/sampathpritila/.m2/repository/org/seleniumhq/selenium/selenium-opera-driver/3.141.59/selenium-opera-driver-3.141.59.jar:/Users/sampathpritila/.m2/repository/org/seleniumhq/selenium/selenium-remote-driver/3.141.59/selenium-remote-driver-3.141.59.jar:/Users/sampathpritila/.m2/repository/org/seleniumhq/selenium/selenium-safari-driver/3.141.59/selenium-safari-driver-3.141.59.jar:/Users/sampathpritila/.m2/repository/org/seleniumhq/selenium/selenium-support/3.141.59/selenium-support-3.141.59.jar:/Users/sampathpritila/.m2/repository/net/bytebuddy/byte-buddy/1.8.15/byte-buddy-1.8.15.jar:/Users/sampathpritila/.m2/repository/org/apache/commons/commons-exec/1.3/commons-exec-1.3.jar:/Users/sampathpritila/.m2/repository/com/squareup/okhttp3/okhttp/3.11.0/okhttp-3.11.0.jar:/Users/sampathpritila/.m2/repository/com/squareup/okio/okio/1.14.0/okio-1.14.0.jar:/Users/sampathpritila/.m2/repository/org/testng/testng/7.1.0/testng-7.1.0.jar:/Users/sampathpritila/.m2/repository/com/beust/jcommander/1.72/jcommander-1.72.jar:/Users/sampathpritila/.m2/repository/com/google/inject/guice/4.1.0/guice-4.1.0-no_aop.jar:/Users/sampathpritila/.m2/repository/javax/inject/javax.inject/1/javax.inject-1.jar:/Users/sampathpritila/.m2/repository/aopalliance/aopalliance/1.0/aopalliance-1.0.jar:/Users/sampathpritila/.m2/repository/org/yaml/snakeyaml/1.21/snakeyaml-1.21.jar:/Users/sampathpritila/.m2/repository/com/google/guava/guava/22.0-rc1/guava-22.0-rc1.jar:/Users/sampathpritila/.m2/repository/com/google/code/findbugs/jsr305/1.3.9/jsr305-1.3.9.jar:/Users/sampathpritila/.m2/repository/com/google/errorprone/error_prone_annotations/2.0.18/error_prone_annotations-2.0.18.jar:/Users/sampathpritila/.m2/repository/com/google/j2objc/j2objc-annotations/1.1/j2objc-annotations-1.1.jar:/Users/sampathpritila/.m2/repository/org/codehaus/mojo/animal-sniffer-annotations/1.14/animal-sniffer-annotations-1.14.jar:/Users/sampathpritila/.m2/repository/io/github/bonigarcia/webdrivermanager/3.6.2/webdrivermanager-3.6.2.jar:/Users/sampathpritila/.m2/repository/org/slf4j/slf4j-api/1.7.25/slf4j-api-1.7.25.jar:/Users/sampathpritila/.m2/repository/commons-io/commons-io/2.6/commons-io-2.6.jar:/Users/sampathpritila/.m2/repository/com/google/code/gson/gson/2.8.5/gson-2.8.5.jar:/Users/sampathpritila/.m2/repository/org/apache/commons/commons-lang3/3.8.1/commons-lang3-3.8.1.jar:/Users/sampathpritila/.m2/repository/org/apache/httpcomponents/httpclient/4.5.6/httpclient-4.5.6.jar:/Users/sampathpritila/.m2/repository/org/apache/httpcomponents/httpcore/4.4.10/httpcore-4.4.10.jar:/Users/sampathpritila/.m2/repository/commons-logging/commons-logging/1.2/commons-logging-1.2.jar:/Users/sampathpritila/.m2/repository/commons-codec/commons-codec/1.10/commons-codec-1.10.jar:/Users/sampathpritila/.m2/repository/org/rauschig/jarchivelib/1.0.0/jarchivelib-1.0.0.jar:/Users/sampathpritila/.m2/repository/org/apache/commons/commons-compress/1.18/commons-compress-1.18.jar:/Users/sampathpritila/.m2/repository/org/jsoup/jsoup/1.11.3/jsoup-1.11.3.jar:"/>
    <property name="java.vm.vendor" value="Oracle Corporation"/>
    <property name="sun.arch.data.model" value="64"/>
    <property name="java.vendor.url" value="http://java.oracle.com/"/>
    <property name="user.timezone" value=""/>
    <property name="java.vm.specification.version" value="1.8"/>
    <property name="os.name" value="Mac OS X"/>
    <property name="user.country" value="GB"/>
    <property name="sun.java.launcher" value="SUN_STANDARD"/>
    <property name="sun.boot.library.path" value="/Library/Java/JavaVirtualMachines/jdk1.8.0_131.jdk/Contents/Home/jre/lib"/>
    <property name="sun.java.command" value="/Users/sampathpritila/Downloads/bestcarprice/target/surefire/surefirebooter8804584842093774632.jar /Users/sampathpritila/Downloads/bestcarprice/target/surefire 2020-07-10T00-36-13_557-jvmRun1 surefire7630989083174496179tmp surefire_06377448924974348782tmp"/>
    <property name="http.nonProxyHosts" value="local|*.local|169.254/16|*.169.254/16"/>
    <property name="surefire.test.class.path" value="/Users/sampathpritila/Downloads/bestcarprice/target/test-classes:/Users/sampathpritila/Downloads/bestcarprice/target/classes:/Users/sampathpritila/.m2/repository/org/seleniumhq/selenium/selenium-java/3.141.59/selenium-java-3.141.59.jar:/Users/sampathpritila/.m2/repository/org/seleniumhq/selenium/selenium-api/3.141.59/selenium-api-3.141.59.jar:/Users/sampathpritila/.m2/repository/org/seleniumhq/selenium/selenium-chrome-driver/3.141.59/selenium-chrome-driver-3.141.59.jar:/Users/sampathpritila/.m2/repository/org/seleniumhq/selenium/selenium-edge-driver/3.141.59/selenium-edge-driver-3.141.59.jar:/Users/sampathpritila/.m2/repository/org/seleniumhq/selenium/selenium-firefox-driver/3.141.59/selenium-firefox-driver-3.141.59.jar:/Users/sampathpritila/.m2/repository/org/seleniumhq/selenium/selenium-ie-driver/3.141.59/selenium-ie-driver-3.141.59.jar:/Users/sampathpritila/.m2/repository/org/seleniumhq/selenium/selenium-opera-driver/3.141.59/selenium-opera-driver-3.141.59.jar:/Users/sampathpritila/.m2/repository/org/seleniumhq/selenium/selenium-remote-driver/3.141.59/selenium-remote-driver-3.141.59.jar:/Users/sampathpritila/.m2/repository/org/seleniumhq/selenium/selenium-safari-driver/3.141.59/selenium-safari-driver-3.141.59.jar:/Users/sampathpritila/.m2/repository/org/seleniumhq/selenium/selenium-support/3.141.59/selenium-support-3.141.59.jar:/Users/sampathpritila/.m2/repository/net/bytebuddy/byte-buddy/1.8.15/byte-buddy-1.8.15.jar:/Users/sampathpritila/.m2/repository/org/apache/commons/commons-exec/1.3/commons-exec-1.3.jar:/Users/sampathpritila/.m2/repository/com/squareup/okhttp3/okhttp/3.11.0/okhttp-3.11.0.jar:/Users/sampathpritila/.m2/repository/com/squareup/okio/okio/1.14.0/okio-1.14.0.jar:/Users/sampathpritila/.m2/repository/org/testng/testng/7.1.0/testng-7.1.0.jar:/Users/sampathpritila/.m2/repository/com/beust/jcommander/1.72/jcommander-1.72.jar:/Users/sampathpritila/.m2/repository/com/google/inject/guice/4.1.0/guice-4.1.0-no_aop.jar:/Users/sampathpritila/.m2/repository/javax/inject/javax.inject/1/javax.inject-1.jar:/Users/sampathpritila/.m2/repository/aopalliance/aopalliance/1.0/aopalliance-1.0.jar:/Users/sampathpritila/.m2/repository/org/yaml/snakeyaml/1.21/snakeyaml-1.21.jar:/Users/sampathpritila/.m2/repository/com/google/guava/guava/22.0-rc1/guava-22.0-rc1.jar:/Users/sampathpritila/.m2/repository/com/google/code/findbugs/jsr305/1.3.9/jsr305-1.3.9.jar:/Users/sampathpritila/.m2/repository/com/google/errorprone/error_prone_annotations/2.0.18/error_prone_annotations-2.0.18.jar:/Users/sampathpritila/.m2/repository/com/google/j2objc/j2objc-annotations/1.1/j2objc-annotations-1.1.jar:/Users/sampathpritila/.m2/repository/org/codehaus/mojo/animal-sniffer-annotations/1.14/animal-sniffer-annotations-1.14.jar:/Users/sampathpritila/.m2/repository/io/github/bonigarcia/webdrivermanager/3.6.2/webdrivermanager-3.6.2.jar:/Users/sampathpritila/.m2/repository/org/slf4j/slf4j-api/1.7.25/slf4j-api-1.7.25.jar:/Users/sampathpritila/.m2/repository/commons-io/commons-io/2.6/commons-io-2.6.jar:/Users/sampathpritila/.m2/repository/com/google/code/gson/gson/2.8.5/gson-2.8.5.jar:/Users/sampathpritila/.m2/repository/org/apache/commons/commons-lang3/3.8.1/commons-lang3-3.8.1.jar:/Users/sampathpritila/.m2/repository/org/apache/httpcomponents/httpclient/4.5.6/httpclient-4.5.6.jar:/Users/sampathpritila/.m2/repository/org/apache/httpcomponents/httpcore/4.4.10/httpcore-4.4.10.jar:/Users/sampathpritila/.m2/repository/commons-logging/commons-logging/1.2/commons-logging-1.2.jar:/Users/sampathpritila/.m2/repository/commons-codec/commons-codec/1.10/commons-codec-1.10.jar:/Users/sampathpritila/.m2/repository/org/rauschig/jarchivelib/1.0.0/jarchivelib-1.0.0.jar:/Users/sampathpritila/.m2/repository/org/apache/commons/commons-compress/1.18/commons-compress-1.18.jar:/Users/sampathpritila/.m2/repository/org/jsoup/jsoup/1.11.3/jsoup-1.11.3.jar:"/>
    <property name="sun.cpu.endian" value="little"/>
    <property name="user.home" value="/Users/sampathpritila"/>
    <property name="user.language" value="en"/>
    <property name="java.specification.vendor" value="Oracle Corporation"/>
    <property name="java.home" value="/Library/Java/JavaVirtualMachines/jdk1.8.0_131.jdk/Contents/Home/jre"/>
    <property name="basedir" value="/Users/sampathpritila/Downloads/bestcarprice"/>
    <property name="file.separator" value="/"/>
    <property name="line.separator" value="&#10;"/>
    <property name="java.vm.specification.vendor" value="Oracle Corporation"/>
    <property name="java.specification.name" value="Java Platform API Specification"/>
    <property name="java.awt.graphicsenv" value="sun.awt.CGraphicsEnvironment"/>
    <property name="surefire.real.class.path" value="/Users/sampathpritila/Downloads/bestcarprice/target/surefire/surefirebooter8804584842093774632.jar"/>
    <property name="sun.boot.class.path" value="/Library/Java/JavaVirtualMachines/jdk1.8.0_131.jdk/Contents/Home/jre/lib/resources.jar:/Library/Java/JavaVirtualMachines/jdk1.8.0_131.jdk/Contents/Home/jre/lib/rt.jar:/Library/Java/JavaVirtualMachines/jdk1.8.0_131.jdk/Contents/Home/jre/lib/sunrsasign.jar:/Library/Java/JavaVirtualMachines/jdk1.8.0_131.jdk/Contents/Home/jre/lib/jsse.jar:/Library/Java/JavaVirtualMachines/jdk1.8.0_131.jdk/Contents/Home/jre/lib/jce.jar:/Library/Java/JavaVirtualMachines/jdk1.8.0_131.jdk/Contents/Home/jre/lib/charsets.jar:/Library/Java/JavaVirtualMachines/jdk1.8.0_131.jdk/Contents/Home/jre/lib/jfr.jar:/Library/Java/JavaVirtualMachines/jdk1.8.0_131.jdk/Contents/Home/jre/classes"/>
    <property name="sun.management.compiler" value="HotSpot 64-Bit Tiered Compilers"/>
    <property name="ftp.nonProxyHosts" value="local|*.local|169.254/16|*.169.254/16"/>
    <property name="java.runtime.version" value="1.8.0_131-b11"/>
    <property name="user.name" value="sampathpritila"/>
    <property name="path.separator" value=":"/>
    <property name="os.version" value="10.15.5"/>
    <property name="java.endorsed.dirs" value="/Library/Java/JavaVirtualMachines/jdk1.8.0_131.jdk/Contents/Home/jre/lib/endorsed"/>
    <property name="java.runtime.name" value="Java(TM) SE Runtime Environment"/>
    <property name="file.encoding" value="UTF-8"/>
    <property name="java.vm.name" value="Java HotSpot(TM) 64-Bit Server VM"/>
    <property name="localRepository" value="/Users/sampathpritila/.m2/repository"/>
    <property name="java.vendor.url.bug" value="http://bugreport.sun.com/bugreport/"/>
    <property name="java.io.tmpdir" value="/var/folders/6p/90hhwfnn75g0wjwj2y5rvm1w0000gn/T/"/>
    <property name="java.version" value="1.8.0_131"/>
    <property name="user.dir" value="/Users/sampathpritila/Downloads/bestcarprice"/>
    <property name="os.arch" value="x86_64"/>
    <property name="java.vm.specification.name" value="Java Virtual Machine Specification"/>
    <property name="java.awt.printerjob" value="sun.lwawt.macosx.CPrinterJob"/>
    <property name="sun.os.patch.level" value="unknown"/>
    <property name="java.library.path" value="/Users/sampathpritila/Library/Java/Extensions:/Library/Java/Extensions:/Network/Library/Java/Extensions:/System/Library/Java/Extensions:/usr/lib/java:."/>
    <property name="java.vm.info" value="mixed mode"/>
    <property name="java.vendor" value="Oracle Corporation"/>
    <property name="java.vm.version" value="25.131-b11"/>
    <property name="java.ext.dirs" value="/Users/sampathpritila/Library/Java/Extensions:/Library/Java/JavaVirtualMachines/jdk1.8.0_131.jdk/Contents/Home/jre/lib/ext:/Library/Java/Extensions:/Network/Library/Java/Extensions:/System/Library/Java/Extensions:/usr/lib/java"/>
    <property name="sun.io.unicode.encoding" value="UnicodeBig"/>
    <property name="java.class.version" value="52.0"/>
    <property name="socksNonProxyHosts" value="local|*.local|169.254/16|*.169.254/16"/>
  </properties>
  <testcase name="verifyPrice" classname="VerifyCarPrice" time="2.227">
    <failure message="Actual is BW57 but expected is BW57BOF expected [BW57BOF] but found [BW57]" type="java.lang.AssertionError">java.lang.AssertionError: Actual is BW57 but expected is BW57BOF expected [BW57BOF] but found [BW57]
	at VerifyCarPrice.verifyPrice(VerifyCarPrice.java:70)
</failure>
    <system-out><![CDATA[﻿There are multiple websites avaiable to check current car value in United Kingdom.
The best of all is webuyanycar.com for intant valuation.
The other examples are autotrader.com and confused.com. 
Checking example BMW with registration DN09HRM the value of the car is roughly around £3000. 
REGISTRATION,MAKE,MODEL,COLOR,YEAR
SG18HTN,Volkswagen,Golf Se Navigation Tsi Evo,White,2018
DN09HRM,BMW,320D Se,Black,2009
BW57BOF,Toyota,Yaris T2,Black,2010
KT17DLX,Skoda,Superb Sportline Tdi S-A,White,2017
However car with registration BW57 BOW is not worth much in current market. 
REGISTRATION,MAKE,MODEL,COLOR,YEAR
SG18HTN,Volkswagen,Golf Se Navigation Tsi Evo,White,2018
DN09HRM,BMW,320D Se,Black,2009
BW57BOF,Toyota,Yaris T2,Black,2010
KT17DLX,Skoda,Superb Sportline Tdi S-A,White,2017
]]></system-out>
    <system-err><![CDATA[SLF4J: Failed to load class "org.slf4j.impl.StaticLoggerBinder".
SLF4J: Defaulting to no-operation (NOP) logger implementation
SLF4J: See http://www.slf4j.org/codes.html#StaticLoggerBinder for further details.
Starting ChromeDriver 83.0.4103.39 (ccbf011cb2d2b19b506d844400483861342c20cd-refs/branch-heads/4103@{#416}) on port 9077
Only local connections are allowed.
Please see https://chromedriver.chromium.org/security-considerations for suggestions on keeping ChromeDriver safe.
ChromeDriver was started successfully.
Jul 10, 2020 12:36:15 AM org.openqa.selenium.remote.ProtocolHandshake createSession
INFO: Detected dialect: W3C
]]></system-err>
  </testcase>
</testsuite>